2021-09-22 04:32:44,241 - [test_register.py-->line:51] - INFO: 用例--【注册成功-带注册名】--执行成功 : 
2021-09-22 04:32:44,418 - [test_register.py-->line:51] - INFO: 用例--【成功-不带用户名】--执行成功 : 
2021-09-22 04:32:44,490 - [test_register.py-->line:51] - INFO: 用例--【不输入手机号】--执行成功 : 
2021-09-22 04:32:44,568 - [test_register.py-->line:51] - INFO: 用例--【手机号长度10位】--执行成功 : 
2021-09-22 04:32:44,642 - [test_register.py-->line:51] - INFO: 用例--【手机号长度12位】--执行成功 : 
2021-09-22 04:32:44,717 - [test_register.py-->line:51] - INFO: 用例--【手机号含有非法字符】--执行成功 : 
2021-09-22 04:32:44,906 - [test_register.py-->line:51] - INFO: 用例--【已注册过的手机号】--执行成功 : 
2021-09-22 04:32:44,984 - [test_register.py-->line:51] - INFO: 用例--【密码7位】--执行成功 : 
2021-09-22 04:32:45,056 - [test_register.py-->line:51] - INFO: 用例--【密码17位】--执行成功 : 
2021-09-22 04:32:45,134 - [test_register.py-->line:51] - INFO: 用例--【不输入密码】--执行成功 : 
2021-09-22 04:32:45,209 - [test_register.py-->line:51] - INFO: 用例--【注册名11位】--执行成功 : 
2021-09-22 04:32:45,281 - [test_register.py-->line:51] - INFO: 用例--【类型输入非0，1内容】--执行成功 : 
2021-09-22 04:32:45,460 - [test_register.py-->line:51] - INFO: 用例--【手机号为字符串类型】--执行成功 : 
2021-09-22 04:41:36,469 - [test_register.py-->line:51] - INFO: 用例--【注册成功-带注册名】--执行成功 : 
2021-09-22 04:41:36,649 - [test_register.py-->line:51] - INFO: 用例--【成功-不带用户名】--执行成功 : 
2021-09-22 04:41:36,719 - [test_register.py-->line:51] - INFO: 用例--【不输入手机号】--执行成功 : 
2021-09-22 04:41:36,796 - [test_register.py-->line:51] - INFO: 用例--【手机号长度10位】--执行成功 : 
2021-09-22 04:41:36,863 - [test_register.py-->line:51] - INFO: 用例--【手机号长度12位】--执行成功 : 
2021-09-22 04:41:36,931 - [test_register.py-->line:51] - INFO: 用例--【手机号含有非法字符】--执行成功 : 
2021-09-22 04:41:37,107 - [test_register.py-->line:51] - INFO: 用例--【已注册过的手机号】--执行成功 : 
2021-09-22 04:41:37,175 - [test_register.py-->line:51] - INFO: 用例--【密码7位】--执行成功 : 
2021-09-22 04:41:37,248 - [test_register.py-->line:51] - INFO: 用例--【密码17位】--执行成功 : 
2021-09-22 04:41:37,324 - [test_register.py-->line:51] - INFO: 用例--【不输入密码】--执行成功 : 
2021-09-22 04:41:37,396 - [test_register.py-->line:51] - INFO: 用例--【注册名11位】--执行成功 : 
2021-09-22 04:41:37,472 - [test_register.py-->line:51] - INFO: 用例--【类型输入非0，1内容】--执行成功 : 
2021-09-22 04:41:37,638 - [test_register.py-->line:51] - INFO: 用例--【手机号为字符串类型】--执行成功 : 
2021-09-22 04:49:50,435 - [test_register.py-->line:51] - INFO: 用例--【注册成功-带注册名】--执行成功 : 
2021-09-22 04:49:50,604 - [test_register.py-->line:51] - INFO: 用例--【成功-不带用户名】--执行成功 : 
2021-09-22 04:49:50,676 - [test_register.py-->line:51] - INFO: 用例--【不输入手机号】--执行成功 : 
2021-09-22 04:49:50,754 - [test_register.py-->line:51] - INFO: 用例--【手机号长度10位】--执行成功 : 
2021-09-22 04:49:50,828 - [test_register.py-->line:51] - INFO: 用例--【手机号长度12位】--执行成功 : 
2021-09-22 04:49:50,906 - [test_register.py-->line:51] - INFO: 用例--【手机号含有非法字符】--执行成功 : 
2021-09-22 04:49:51,081 - [test_register.py-->line:51] - INFO: 用例--【已注册过的手机号】--执行成功 : 
2021-09-22 04:49:51,157 - [test_register.py-->line:51] - INFO: 用例--【密码7位】--执行成功 : 
2021-09-22 04:49:51,227 - [test_register.py-->line:51] - INFO: 用例--【密码17位】--执行成功 : 
2021-09-22 04:49:51,296 - [test_register.py-->line:51] - INFO: 用例--【不输入密码】--执行成功 : 
2021-09-22 04:49:51,363 - [test_register.py-->line:51] - INFO: 用例--【注册名11位】--执行成功 : 
2021-09-22 04:49:51,440 - [test_register.py-->line:51] - INFO: 用例--【类型输入非0，1内容】--执行成功 : 
2021-09-22 04:49:51,619 - [test_register.py-->line:51] - INFO: 用例--【手机号为字符串类型】--执行成功 : 
2021-09-22 04:52:33,215 - [test_register.py-->line:51] - INFO: 用例--【注册成功-带注册名】--执行成功 : 
2021-09-22 04:52:33,393 - [test_register.py-->line:51] - INFO: 用例--【成功-不带用户名】--执行成功 : 
2021-09-22 04:52:33,470 - [test_register.py-->line:51] - INFO: 用例--【不输入手机号】--执行成功 : 
2021-09-22 04:52:33,539 - [test_register.py-->line:51] - INFO: 用例--【手机号长度10位】--执行成功 : 
2021-09-22 04:52:33,612 - [test_register.py-->line:51] - INFO: 用例--【手机号长度12位】--执行成功 : 
2021-09-22 04:52:33,688 - [test_register.py-->line:51] - INFO: 用例--【手机号含有非法字符】--执行成功 : 
2021-09-22 04:52:33,858 - [test_register.py-->line:51] - INFO: 用例--【已注册过的手机号】--执行成功 : 
2021-09-22 04:52:33,933 - [test_register.py-->line:51] - INFO: 用例--【密码7位】--执行成功 : 
2021-09-22 04:52:34,003 - [test_register.py-->line:51] - INFO: 用例--【密码17位】--执行成功 : 
2021-09-22 04:52:34,078 - [test_register.py-->line:51] - INFO: 用例--【不输入密码】--执行成功 : 
2021-09-22 04:52:34,155 - [test_register.py-->line:51] - INFO: 用例--【注册名11位】--执行成功 : 
2021-09-22 04:52:34,223 - [test_register.py-->line:51] - INFO: 用例--【类型输入非0，1内容】--执行成功 : 
2021-09-22 04:52:34,393 - [test_register.py-->line:51] - INFO: 用例--【手机号为字符串类型】--执行成功 : 
2021-09-22 18:17:14,647 - [test_register.py-->line:53] - INFO: 用例--【注册成功-带注册名】--执行成功 : 
2021-09-22 18:17:14,831 - [test_register.py-->line:53] - INFO: 用例--【成功-不带用户名】--执行成功 : 
2021-09-22 18:17:14,899 - [test_register.py-->line:53] - INFO: 用例--【不输入手机号】--执行成功 : 
2021-09-22 18:17:14,966 - [test_register.py-->line:53] - INFO: 用例--【手机号长度10位】--执行成功 : 
2021-09-22 18:17:15,043 - [test_register.py-->line:53] - INFO: 用例--【手机号长度12位】--执行成功 : 
2021-09-22 18:17:15,113 - [test_register.py-->line:53] - INFO: 用例--【手机号含有非法字符】--执行成功 : 
2021-09-22 18:17:15,292 - [test_register.py-->line:53] - INFO: 用例--【已注册过的手机号】--执行成功 : 
2021-09-22 18:17:15,366 - [test_register.py-->line:53] - INFO: 用例--【密码7位】--执行成功 : 
2021-09-22 18:17:15,445 - [test_register.py-->line:53] - INFO: 用例--【密码17位】--执行成功 : 
2021-09-22 18:17:15,524 - [test_register.py-->line:53] - INFO: 用例--【不输入密码】--执行成功 : 
2021-09-22 18:17:15,593 - [test_register.py-->line:53] - INFO: 用例--【注册名11位】--执行成功 : 
2021-09-22 18:17:15,665 - [test_register.py-->line:53] - INFO: 用例--【类型输入非0，1内容】--执行成功 : 
2021-09-22 18:17:15,841 - [test_register.py-->line:53] - INFO: 用例--【手机号为字符串类型】--执行成功 : 
2021-09-22 18:24:13,731 - [test_login.py-->line:34] - INFO: 用例--【输入正确的手机号和密码】--执行成功 : 
2021-09-22 18:24:13,802 - [test_login.py-->line:34] - INFO: 用例--【不输入手机号】--执行成功 : 
2021-09-22 18:24:13,869 - [test_login.py-->line:34] - INFO: 用例--【不输入密码】--执行成功 : 
2021-09-22 18:24:13,939 - [test_login.py-->line:34] - INFO: 用例--【手机号长度10位】--执行成功 : 
2021-09-22 18:24:14,014 - [test_login.py-->line:34] - INFO: 用例--【手机号长度12位】--执行成功 : 
2021-09-22 18:24:14,100 - [test_login.py-->line:34] - INFO: 用例--【手机号含有非法字符】--执行成功 : 
2021-09-22 18:24:14,279 - [test_login.py-->line:34] - INFO: 用例--【密码7位】--执行成功 : 
2021-09-22 18:24:14,459 - [test_login.py-->line:34] - INFO: 用例--【密码17位】--执行成功 : 
2021-09-22 18:24:56,298 - [test_login.py-->line:34] - INFO: 用例--【输入正确的手机号和密码】--执行成功 : 
2021-09-22 18:24:56,366 - [test_login.py-->line:34] - INFO: 用例--【不输入手机号】--执行成功 : 
2021-09-22 18:24:56,443 - [test_login.py-->line:34] - INFO: 用例--【不输入密码】--执行成功 : 
2021-09-22 18:24:56,511 - [test_login.py-->line:34] - INFO: 用例--【手机号长度10位】--执行成功 : 
2021-09-22 18:24:56,581 - [test_login.py-->line:34] - INFO: 用例--【手机号长度12位】--执行成功 : 
2021-09-22 18:24:56,648 - [test_login.py-->line:34] - INFO: 用例--【手机号含有非法字符】--执行成功 : 
2021-09-22 18:24:56,724 - [test_login.py-->line:34] - INFO: 用例--【密码7位】--执行成功 : 
2021-09-22 18:24:56,796 - [test_login.py-->line:34] - INFO: 用例--【密码17位】--执行成功 : 
2021-09-22 18:24:57,115 - [test_register.py-->line:53] - INFO: 用例--【注册成功-带注册名】--执行成功 : 
2021-09-22 18:24:57,293 - [test_register.py-->line:53] - INFO: 用例--【成功-不带用户名】--执行成功 : 
2021-09-22 18:24:57,366 - [test_register.py-->line:53] - INFO: 用例--【不输入手机号】--执行成功 : 
2021-09-22 18:24:57,434 - [test_register.py-->line:53] - INFO: 用例--【手机号长度10位】--执行成功 : 
2021-09-22 18:24:57,505 - [test_register.py-->line:53] - INFO: 用例--【手机号长度12位】--执行成功 : 
2021-09-22 18:24:57,579 - [test_register.py-->line:53] - INFO: 用例--【手机号含有非法字符】--执行成功 : 
2021-09-22 18:24:57,756 - [test_register.py-->line:53] - INFO: 用例--【已注册过的手机号】--执行成功 : 
2021-09-22 18:24:57,833 - [test_register.py-->line:53] - INFO: 用例--【密码7位】--执行成功 : 
2021-09-22 18:24:57,903 - [test_register.py-->line:53] - INFO: 用例--【密码17位】--执行成功 : 
2021-09-22 18:24:57,980 - [test_register.py-->line:53] - INFO: 用例--【不输入密码】--执行成功 : 
2021-09-22 18:24:58,048 - [test_register.py-->line:53] - INFO: 用例--【注册名11位】--执行成功 : 
2021-09-22 18:24:58,122 - [test_register.py-->line:53] - INFO: 用例--【类型输入非0，1内容】--执行成功 : 
2021-09-22 18:24:58,295 - [test_register.py-->line:53] - INFO: 用例--【手机号为字符串类型】--执行成功 : 
2021-09-22 19:27:32,347 - [test_login.py-->line:34] - INFO: 用例--【输入正确的手机号和密码】--执行成功 : 
2021-09-22 19:27:32,421 - [test_login.py-->line:34] - INFO: 用例--【不输入手机号】--执行成功 : 
2021-09-22 19:27:32,498 - [test_login.py-->line:34] - INFO: 用例--【不输入密码】--执行成功 : 
2021-09-22 19:27:32,567 - [test_login.py-->line:34] - INFO: 用例--【手机号长度10位】--执行成功 : 
2021-09-22 19:27:32,634 - [test_login.py-->line:34] - INFO: 用例--【手机号长度12位】--执行成功 : 
2021-09-22 19:27:32,723 - [test_login.py-->line:34] - INFO: 用例--【手机号含有非法字符】--执行成功 : 
2021-09-22 19:27:32,894 - [test_login.py-->line:34] - INFO: 用例--【密码7位】--执行成功 : 
2021-09-22 19:27:33,068 - [test_login.py-->line:34] - INFO: 用例--【密码17位】--执行成功 : 
2021-09-22 19:27:33,691 - [test_recharge.py-->line:61] - INFO: 用例--【充值成功-整数】--执行成功 : 
2021-09-22 19:27:34,104 - [test_recharge.py-->line:61] - INFO: 用例--【充值成功-1位小数】--执行成功 : 
2021-09-22 19:27:34,517 - [test_recharge.py-->line:61] - INFO: 用例--【充值成功-2位小数】--执行成功 : 
2021-09-22 19:27:34,927 - [test_recharge.py-->line:61] - INFO: 用例--【充值成功-50万】--执行成功 : 
2021-09-22 19:27:34,997 - [test_recharge.py-->line:61] - INFO: 用例--【会员id为空】--执行成功 : 
2021-09-22 19:27:35,070 - [test_recharge.py-->line:61] - INFO: 用例--【会员id为小数】--执行成功 : 
2021-09-22 19:27:35,144 - [test_recharge.py-->line:58] - ERROR: 用例--【充值金额为0】--执行失败 : {'code': 0, 'msg': 'OK', 'data': {'id': 1236907370, 'leave_amount': 28171011.86, 'mobile_phone': '15280000000', 'reg_name': '152800000', 'reg_time': '2021-09-15 23:35:47.0', 'type': 1}, 'copyright': 'Copyright 柠檬班 © 2017-2020 湖南省零檬信息技术有限公司 All Rights Reserved'} ont in {'code': 2}
2021-09-22 19:27:35,218 - [test_recharge.py-->line:61] - INFO: 用例--【充值金额为负数】--执行成功 : 
2021-09-22 19:27:35,297 - [test_recharge.py-->line:61] - INFO: 用例--【充值金额为空】--执行成功 : 
2021-09-22 19:27:35,374 - [test_recharge.py-->line:61] - INFO: 用例--【充值金额3位小数】--执行成功 : 
2021-09-22 19:27:35,450 - [test_recharge.py-->line:61] - INFO: 用例--【充值金额-大于50W】--执行成功 : 
2021-09-22 19:27:35,519 - [test_recharge.py-->line:61] - INFO: 用例--【充值金额非数字】--执行成功 : 
2021-09-22 19:27:35,829 - [test_register.py-->line:53] - INFO: 用例--【注册成功-带注册名】--执行成功 : 
2021-09-22 19:27:36,008 - [test_register.py-->line:53] - INFO: 用例--【成功-不带用户名】--执行成功 : 
2021-09-22 19:27:36,083 - [test_register.py-->line:53] - INFO: 用例--【不输入手机号】--执行成功 : 
2021-09-22 19:27:36,157 - [test_register.py-->line:53] - INFO: 用例--【手机号长度10位】--执行成功 : 
2021-09-22 19:27:36,234 - [test_register.py-->line:53] - INFO: 用例--【手机号长度12位】--执行成功 : 
2021-09-22 19:27:36,302 - [test_register.py-->line:53] - INFO: 用例--【手机号含有非法字符】--执行成功 : 
2021-09-22 19:27:36,486 - [test_register.py-->line:53] - INFO: 用例--【已注册过的手机号】--执行成功 : 
2021-09-22 19:27:36,563 - [test_register.py-->line:53] - INFO: 用例--【密码7位】--执行成功 : 
2021-09-22 19:27:36,634 - [test_register.py-->line:53] - INFO: 用例--【密码17位】--执行成功 : 
2021-09-22 19:27:36,707 - [test_register.py-->line:53] - INFO: 用例--【不输入密码】--执行成功 : 
2021-09-22 19:27:36,785 - [test_register.py-->line:53] - INFO: 用例--【注册名11位】--执行成功 : 
2021-09-22 19:27:36,860 - [test_register.py-->line:53] - INFO: 用例--【类型输入非0，1内容】--执行成功 : 
2021-09-22 19:27:37,036 - [test_register.py-->line:53] - INFO: 用例--【手机号为字符串类型】--执行成功 : 
2021-09-23 02:08:04,375 - [test_recharge.py-->line:61] - ERROR: 用例--【充值成功-整数】--执行失败 : {'code': 1003, 'copyright': 'Copyright 柠檬班 © 2017-2020 湖南省零檬信息技术有限公司 All Rights Reserved', 'msg': '验签失败，缺少sign参数'} ont in {'code': 0, 'msg': 'OK'}
2021-09-23 02:08:05,024 - [test_recharge.py-->line:61] - ERROR: 用例--【充值成功-1位小数】--执行失败 : {'code': 1003, 'copyright': 'Copyright 柠檬班 © 2017-2020 湖南省零檬信息技术有限公司 All Rights Reserved', 'msg': '验签失败，缺少sign参数'} ont in {'code': 0, 'msg': 'OK'}
2021-09-23 02:08:05,449 - [test_recharge.py-->line:61] - ERROR: 用例--【充值成功-2位小数】--执行失败 : {'code': 1003, 'copyright': 'Copyright 柠檬班 © 2017-2020 湖南省零檬信息技术有限公司 All Rights Reserved', 'msg': '验签失败，缺少sign参数'} ont in {'code': 0, 'msg': 'OK'}
2021-09-23 02:08:05,874 - [test_recharge.py-->line:61] - ERROR: 用例--【充值成功-50万】--执行失败 : {'code': 1003, 'copyright': 'Copyright 柠檬班 © 2017-2020 湖南省零檬信息技术有限公司 All Rights Reserved', 'msg': '验签失败，缺少sign参数'} ont in {'code': 0, 'msg': 'OK'}
2021-09-23 02:08:05,956 - [test_recharge.py-->line:61] - ERROR: 用例--【会员id为空】--执行失败 : {'code': 1003, 'copyright': 'Copyright 柠檬班 © 2017-2020 湖南省零檬信息技术有限公司 All Rights Reserved', 'msg': '验签失败，缺少sign参数'} ont in {'code': 1}
2021-09-23 02:08:06,042 - [test_recharge.py-->line:61] - ERROR: 用例--【会员id为小数】--执行失败 : {'code': 1003, 'copyright': 'Copyright 柠檬班 © 2017-2020 湖南省零檬信息技术有限公司 All Rights Reserved', 'msg': '验签失败，缺少sign参数'} ont in {'code': 2}
2021-09-23 02:08:06,126 - [test_recharge.py-->line:61] - ERROR: 用例--【充值金额为0】--执行失败 : {'code': 1003, 'copyright': 'Copyright 柠檬班 © 2017-2020 湖南省零檬信息技术有限公司 All Rights Reserved', 'msg': '验签失败，缺少sign参数'} ont in {'code': 2}
2021-09-23 02:08:06,207 - [test_recharge.py-->line:61] - ERROR: 用例--【充值金额为负数】--执行失败 : {'code': 1003, 'copyright': 'Copyright 柠檬班 © 2017-2020 湖南省零檬信息技术有限公司 All Rights Reserved', 'msg': '验签失败，缺少sign参数'} ont in {'code': 2}
2021-09-23 02:08:06,293 - [test_recharge.py-->line:61] - ERROR: 用例--【充值金额为空】--执行失败 : {'code': 1003, 'copyright': 'Copyright 柠檬班 © 2017-2020 湖南省零檬信息技术有限公司 All Rights Reserved', 'msg': '验签失败，缺少sign参数'} ont in {'code': 1}
2021-09-23 02:08:06,375 - [test_recharge.py-->line:61] - ERROR: 用例--【充值金额3位小数】--执行失败 : {'code': 1003, 'copyright': 'Copyright 柠檬班 © 2017-2020 湖南省零檬信息技术有限公司 All Rights Reserved', 'msg': '验签失败，缺少sign参数'} ont in {'code': 2}
2021-09-23 02:08:06,462 - [test_recharge.py-->line:61] - ERROR: 用例--【充值金额-大于50W】--执行失败 : {'code': 1003, 'copyright': 'Copyright 柠檬班 © 2017-2020 湖南省零檬信息技术有限公司 All Rights Reserved', 'msg': '验签失败，缺少sign参数'} ont in {'code': 2}
2021-09-23 02:08:06,546 - [test_recharge.py-->line:61] - ERROR: 用例--【充值金额非数字】--执行失败 : {'code': 1003, 'copyright': 'Copyright 柠檬班 © 2017-2020 湖南省零檬信息技术有限公司 All Rights Reserved', 'msg': '验签失败，缺少sign参数'} ont in {'code': 2}
2021-09-23 02:09:21,449 - [test_recharge.py-->line:64] - INFO: 用例--【充值成功-整数】--执行成功 : 
2021-09-23 02:09:21,890 - [test_recharge.py-->line:64] - INFO: 用例--【充值成功-1位小数】--执行成功 : 
2021-09-23 02:09:22,328 - [test_recharge.py-->line:64] - INFO: 用例--【充值成功-2位小数】--执行成功 : 
2021-09-23 02:09:22,764 - [test_recharge.py-->line:64] - INFO: 用例--【充值成功-50万】--执行成功 : 
2021-09-23 02:09:22,841 - [test_recharge.py-->line:64] - INFO: 用例--【会员id为空】--执行成功 : 
2021-09-23 02:09:22,920 - [test_recharge.py-->line:64] - INFO: 用例--【会员id为小数】--执行成功 : 
2021-09-23 02:09:23,001 - [test_recharge.py-->line:61] - ERROR: 用例--【充值金额为0】--执行失败 : {'code': 0, 'msg': 'OK', 'data': {'id': 1236907370, 'leave_amount': 28692012.07, 'mobile_phone': '15280000000', 'reg_name': '152800000', 'reg_time': '2021-09-15 23:35:47.0', 'type': 1}, 'copyright': 'Copyright 柠檬班 © 2017-2020 湖南省零檬信息技术有限公司 All Rights Reserved'} ont in {'code': 2}
2021-09-23 02:09:23,285 - [test_recharge.py-->line:64] - INFO: 用例--【充值金额为负数】--执行成功 : 
2021-09-23 02:09:23,363 - [test_recharge.py-->line:64] - INFO: 用例--【充值金额为空】--执行成功 : 
2021-09-23 02:09:23,440 - [test_recharge.py-->line:64] - INFO: 用例--【充值金额3位小数】--执行成功 : 
2021-09-23 02:09:23,517 - [test_recharge.py-->line:64] - INFO: 用例--【充值金额-大于50W】--执行成功 : 
2021-09-23 02:09:23,597 - [test_recharge.py-->line:64] - INFO: 用例--【充值金额非数字】--执行成功 : 
2021-09-23 02:12:37,412 - [test_recharge.py-->line:63] - INFO: 用例--【充值成功-整数】--执行成功 : 
2021-09-23 02:12:37,858 - [test_recharge.py-->line:63] - INFO: 用例--【充值成功-1位小数】--执行成功 : 
2021-09-23 02:12:38,293 - [test_recharge.py-->line:63] - INFO: 用例--【充值成功-2位小数】--执行成功 : 
2021-09-23 02:12:38,735 - [test_recharge.py-->line:63] - INFO: 用例--【充值成功-50万】--执行成功 : 
2021-09-23 02:12:38,812 - [test_recharge.py-->line:63] - INFO: 用例--【会员id为空】--执行成功 : 
2021-09-23 02:12:38,890 - [test_recharge.py-->line:63] - INFO: 用例--【会员id为小数】--执行成功 : 
2021-09-23 02:12:38,974 - [test_recharge.py-->line:60] - ERROR: 用例--【充值金额为0】--执行失败 : {'code': 0, 'msg': 'OK', 'data': {'id': 1236907370, 'leave_amount': 29195012.28, 'mobile_phone': '15280000000', 'reg_name': '152800000', 'reg_time': '2021-09-15 23:35:47.0', 'type': 1}, 'copyright': 'Copyright 柠檬班 © 2017-2020 湖南省零檬信息技术有限公司 All Rights Reserved'} ont in {'code': 2}
2021-09-23 02:12:39,262 - [test_recharge.py-->line:63] - INFO: 用例--【充值金额为负数】--执行成功 : 
2021-09-23 02:12:39,343 - [test_recharge.py-->line:63] - INFO: 用例--【充值金额为空】--执行成功 : 
2021-09-23 02:12:39,418 - [test_recharge.py-->line:63] - INFO: 用例--【充值金额3位小数】--执行成功 : 
2021-09-23 02:12:39,497 - [test_recharge.py-->line:63] - INFO: 用例--【充值金额-大于50W】--执行成功 : 
2021-09-23 02:12:39,573 - [test_recharge.py-->line:63] - INFO: 用例--【充值金额非数字】--执行成功 : 
2021-09-23 02:19:50,348 - [test_recharge.py-->line:63] - INFO: 用例--【充值成功-整数】--执行成功 : 
2021-09-23 02:19:50,789 - [test_recharge.py-->line:63] - INFO: 用例--【充值成功-1位小数】--执行成功 : 
2021-09-23 02:19:51,222 - [test_recharge.py-->line:63] - INFO: 用例--【充值成功-2位小数】--执行成功 : 
2021-09-23 02:19:51,656 - [test_recharge.py-->line:63] - INFO: 用例--【充值成功-50万】--执行成功 : 
2021-09-23 02:19:51,734 - [test_recharge.py-->line:63] - INFO: 用例--【会员id为空】--执行成功 : 
2021-09-23 02:19:51,812 - [test_recharge.py-->line:63] - INFO: 用例--【会员id为小数】--执行成功 : 
2021-09-23 02:19:51,895 - [test_recharge.py-->line:60] - ERROR: 用例--【充值金额为0】--执行失败 : {'code': 0, 'msg': 'OK', 'data': {'id': 1236907370, 'leave_amount': 29698012.49, 'mobile_phone': '15280000000', 'reg_name': '152800000', 'reg_time': '2021-09-15 23:35:47.0', 'type': 1}, 'copyright': 'Copyright 柠檬班 © 2017-2020 湖南省零檬信息技术有限公司 All Rights Reserved'} ont in {'code': 2}
2021-09-23 02:19:52,178 - [test_recharge.py-->line:63] - INFO: 用例--【充值金额为负数】--执行成功 : 
2021-09-23 02:19:52,258 - [test_recharge.py-->line:63] - INFO: 用例--【充值金额为空】--执行成功 : 
2021-09-23 02:19:52,332 - [test_recharge.py-->line:63] - INFO: 用例--【充值金额3位小数】--执行成功 : 
2021-09-23 02:19:52,409 - [test_recharge.py-->line:63] - INFO: 用例--【充值金额-大于50W】--执行成功 : 
2021-09-23 02:19:52,488 - [test_recharge.py-->line:63] - INFO: 用例--【充值金额非数字】--执行成功 : 
2021-09-23 02:21:14,684 - [test_login.py-->line:34] - INFO: 用例--【输入正确的手机号和密码】--执行成功 : 
2021-09-23 02:21:14,756 - [test_login.py-->line:34] - INFO: 用例--【不输入手机号】--执行成功 : 
2021-09-23 02:21:14,832 - [test_login.py-->line:34] - INFO: 用例--【不输入密码】--执行成功 : 
2021-09-23 02:21:14,908 - [test_login.py-->line:34] - INFO: 用例--【手机号长度10位】--执行成功 : 
2021-09-23 02:21:14,983 - [test_login.py-->line:34] - INFO: 用例--【手机号长度12位】--执行成功 : 
2021-09-23 02:21:15,075 - [test_login.py-->line:34] - INFO: 用例--【手机号含有非法字符】--执行成功 : 
2021-09-23 02:21:15,255 - [test_login.py-->line:34] - INFO: 用例--【密码7位】--执行成功 : 
2021-09-23 02:21:15,437 - [test_login.py-->line:34] - INFO: 用例--【密码17位】--执行成功 : 
2021-09-23 02:21:16,116 - [test_recharge.py-->line:63] - INFO: 用例--【充值成功-整数】--执行成功 : 
2021-09-23 02:21:16,555 - [test_recharge.py-->line:63] - INFO: 用例--【充值成功-1位小数】--执行成功 : 
2021-09-23 02:21:16,982 - [test_recharge.py-->line:63] - INFO: 用例--【充值成功-2位小数】--执行成功 : 
2021-09-23 02:21:17,417 - [test_recharge.py-->line:63] - INFO: 用例--【充值成功-50万】--执行成功 : 
2021-09-23 02:21:17,492 - [test_recharge.py-->line:63] - INFO: 用例--【会员id为空】--执行成功 : 
2021-09-23 02:21:17,565 - [test_recharge.py-->line:63] - INFO: 用例--【会员id为小数】--执行成功 : 
2021-09-23 02:21:17,649 - [test_recharge.py-->line:60] - ERROR: 用例--【充值金额为0】--执行失败 : {'code': 0, 'msg': 'OK', 'data': {'id': 1236907370, 'leave_amount': 30201012.7, 'mobile_phone': '15280000000', 'reg_name': '152800000', 'reg_time': '2021-09-15 23:35:47.0', 'type': 1}, 'copyright': 'Copyright 柠檬班 © 2017-2020 湖南省零檬信息技术有限公司 All Rights Reserved'} ont in {'code': 2}
2021-09-23 02:21:17,729 - [test_recharge.py-->line:63] - INFO: 用例--【充值金额为负数】--执行成功 : 
2021-09-23 02:21:17,806 - [test_recharge.py-->line:63] - INFO: 用例--【充值金额为空】--执行成功 : 
2021-09-23 02:21:17,882 - [test_recharge.py-->line:63] - INFO: 用例--【充值金额3位小数】--执行成功 : 
2021-09-23 02:21:17,966 - [test_recharge.py-->line:63] - INFO: 用例--【充值金额-大于50W】--执行成功 : 
2021-09-23 02:21:18,044 - [test_recharge.py-->line:63] - INFO: 用例--【充值金额非数字】--执行成功 : 
2021-09-23 02:21:18,365 - [test_register.py-->line:53] - INFO: 用例--【注册成功-带注册名】--执行成功 : 
2021-09-23 02:21:18,542 - [test_register.py-->line:53] - INFO: 用例--【成功-不带用户名】--执行成功 : 
2021-09-23 02:21:18,619 - [test_register.py-->line:53] - INFO: 用例--【不输入手机号】--执行成功 : 
2021-09-23 02:21:18,693 - [test_register.py-->line:53] - INFO: 用例--【手机号长度10位】--执行成功 : 
2021-09-23 02:21:18,767 - [test_register.py-->line:53] - INFO: 用例--【手机号长度12位】--执行成功 : 
2021-09-23 02:21:18,844 - [test_register.py-->line:53] - INFO: 用例--【手机号含有非法字符】--执行成功 : 
2021-09-23 02:21:19,034 - [test_register.py-->line:53] - INFO: 用例--【已注册过的手机号】--执行成功 : 
2021-09-23 02:21:19,109 - [test_register.py-->line:53] - INFO: 用例--【密码7位】--执行成功 : 
2021-09-23 02:21:19,185 - [test_register.py-->line:53] - INFO: 用例--【密码17位】--执行成功 : 
2021-09-23 02:21:19,263 - [test_register.py-->line:53] - INFO: 用例--【不输入密码】--执行成功 : 
2021-09-23 02:21:19,341 - [test_register.py-->line:53] - INFO: 用例--【注册名11位】--执行成功 : 
2021-09-23 02:21:19,415 - [test_register.py-->line:53] - INFO: 用例--【类型输入非0，1内容】--执行成功 : 
2021-09-23 02:21:19,592 - [test_register.py-->line:53] - INFO: 用例--【手机号为字符串类型】--执行成功 : 
2021-09-23 02:22:36,716 - [test_login.py-->line:34] - INFO: 用例--【输入正确的手机号和密码】--执行成功 : 
2021-09-23 02:22:36,789 - [test_login.py-->line:34] - INFO: 用例--【不输入手机号】--执行成功 : 
2021-09-23 02:22:36,866 - [test_login.py-->line:34] - INFO: 用例--【不输入密码】--执行成功 : 
2021-09-23 02:22:36,941 - [test_login.py-->line:34] - INFO: 用例--【手机号长度10位】--执行成功 : 
2021-09-23 02:22:37,015 - [test_login.py-->line:34] - INFO: 用例--【手机号长度12位】--执行成功 : 
2021-09-23 02:22:37,091 - [test_login.py-->line:34] - INFO: 用例--【手机号含有非法字符】--执行成功 : 
2021-09-23 02:22:37,266 - [test_login.py-->line:34] - INFO: 用例--【密码7位】--执行成功 : 
2021-09-23 02:22:37,444 - [test_login.py-->line:34] - INFO: 用例--【密码17位】--执行成功 : 
2021-09-23 02:22:38,124 - [test_recharge.py-->line:63] - INFO: 用例--【充值成功-整数】--执行成功 : 
2021-09-23 02:22:38,568 - [test_recharge.py-->line:63] - INFO: 用例--【充值成功-1位小数】--执行成功 : 
2021-09-23 02:22:39,009 - [test_recharge.py-->line:63] - INFO: 用例--【充值成功-2位小数】--执行成功 : 
2021-09-23 02:22:39,447 - [test_recharge.py-->line:63] - INFO: 用例--【充值成功-50万】--执行成功 : 
2021-09-23 02:22:39,527 - [test_recharge.py-->line:63] - INFO: 用例--【会员id为空】--执行成功 : 
2021-09-23 02:22:39,603 - [test_recharge.py-->line:63] - INFO: 用例--【会员id为小数】--执行成功 : 
2021-09-23 02:22:39,684 - [test_recharge.py-->line:60] - ERROR: 用例--【充值金额为0】--执行失败 : {'code': 0, 'msg': 'OK', 'data': {'id': 1236907370, 'leave_amount': 30704012.91, 'mobile_phone': '15280000000', 'reg_name': '152800000', 'reg_time': '2021-09-15 23:35:47.0', 'type': 1}, 'copyright': 'Copyright 柠檬班 © 2017-2020 湖南省零檬信息技术有限公司 All Rights Reserved'} ont in {'code': 2}
2021-09-23 02:22:39,762 - [test_recharge.py-->line:63] - INFO: 用例--【充值金额为负数】--执行成功 : 
2021-09-23 02:22:39,838 - [test_recharge.py-->line:63] - INFO: 用例--【充值金额为空】--执行成功 : 
2021-09-23 02:22:39,914 - [test_recharge.py-->line:63] - INFO: 用例--【充值金额3位小数】--执行成功 : 
2021-09-23 02:22:39,987 - [test_recharge.py-->line:63] - INFO: 用例--【充值金额-大于50W】--执行成功 : 
2021-09-23 02:22:40,060 - [test_recharge.py-->line:63] - INFO: 用例--【充值金额非数字】--执行成功 : 
2021-09-23 02:22:40,386 - [test_register.py-->line:53] - INFO: 用例--【注册成功-带注册名】--执行成功 : 
2021-09-23 02:22:40,563 - [test_register.py-->line:53] - INFO: 用例--【成功-不带用户名】--执行成功 : 
2021-09-23 02:22:40,638 - [test_register.py-->line:53] - INFO: 用例--【不输入手机号】--执行成功 : 
2021-09-23 02:22:40,709 - [test_register.py-->line:53] - INFO: 用例--【手机号长度10位】--执行成功 : 
2021-09-23 02:22:40,785 - [test_register.py-->line:53] - INFO: 用例--【手机号长度12位】--执行成功 : 
2021-09-23 02:22:40,858 - [test_register.py-->line:53] - INFO: 用例--【手机号含有非法字符】--执行成功 : 
2021-09-23 02:22:41,034 - [test_register.py-->line:53] - INFO: 用例--【已注册过的手机号】--执行成功 : 
2021-09-23 02:22:41,112 - [test_register.py-->line:53] - INFO: 用例--【密码7位】--执行成功 : 
2021-09-23 02:22:41,185 - [test_register.py-->line:53] - INFO: 用例--【密码17位】--执行成功 : 
2021-09-23 02:22:41,258 - [test_register.py-->line:53] - INFO: 用例--【不输入密码】--执行成功 : 
2021-09-23 02:22:41,331 - [test_register.py-->line:53] - INFO: 用例--【注册名11位】--执行成功 : 
2021-09-23 02:22:41,407 - [test_register.py-->line:53] - INFO: 用例--【类型输入非0，1内容】--执行成功 : 
2021-09-23 02:22:41,590 - [test_register.py-->line:53] - INFO: 用例--【手机号为字符串类型】--执行成功 : 
2021-09-23 02:26:32,562 - [test_login.py-->line:34] - INFO: 用例--【输入正确的手机号和密码】--执行成功 : 
2021-09-23 02:26:32,635 - [test_login.py-->line:34] - INFO: 用例--【不输入手机号】--执行成功 : 
2021-09-23 02:26:32,711 - [test_login.py-->line:34] - INFO: 用例--【不输入密码】--执行成功 : 
2021-09-23 02:26:32,789 - [test_login.py-->line:34] - INFO: 用例--【手机号长度10位】--执行成功 : 
2021-09-23 02:26:32,862 - [test_login.py-->line:34] - INFO: 用例--【手机号长度12位】--执行成功 : 
2021-09-23 02:26:32,938 - [test_login.py-->line:34] - INFO: 用例--【手机号含有非法字符】--执行成功 : 
2021-09-23 02:26:33,116 - [test_login.py-->line:34] - INFO: 用例--【密码7位】--执行成功 : 
2021-09-23 02:26:33,294 - [test_login.py-->line:34] - INFO: 用例--【密码17位】--执行成功 : 
2021-09-23 02:26:33,965 - [test_recharge.py-->line:63] - INFO: 用例--【充值成功-整数】--执行成功 : 
2021-09-23 02:26:34,406 - [test_recharge.py-->line:63] - INFO: 用例--【充值成功-1位小数】--执行成功 : 
2021-09-23 02:26:34,837 - [test_recharge.py-->line:63] - INFO: 用例--【充值成功-2位小数】--执行成功 : 
2021-09-23 02:26:35,268 - [test_recharge.py-->line:63] - INFO: 用例--【充值成功-50万】--执行成功 : 
2021-09-23 02:26:35,345 - [test_recharge.py-->line:63] - INFO: 用例--【会员id为空】--执行成功 : 
2021-09-23 02:26:35,422 - [test_recharge.py-->line:63] - INFO: 用例--【会员id为小数】--执行成功 : 
2021-09-23 02:26:35,502 - [test_recharge.py-->line:60] - ERROR: 用例--【充值金额为0】--执行失败 : {'code': 0, 'msg': 'OK', 'data': {'id': 1236907370, 'leave_amount': 31207013.12, 'mobile_phone': '15280000000', 'reg_name': '152800000', 'reg_time': '2021-09-15 23:35:47.0', 'type': 1}, 'copyright': 'Copyright 柠檬班 © 2017-2020 湖南省零檬信息技术有限公司 All Rights Reserved'} ont in {'code': 2}
2021-09-23 02:26:35,579 - [test_recharge.py-->line:63] - INFO: 用例--【充值金额为负数】--执行成功 : 
2021-09-23 02:26:35,653 - [test_recharge.py-->line:63] - INFO: 用例--【充值金额为空】--执行成功 : 
2021-09-23 02:26:35,734 - [test_recharge.py-->line:63] - INFO: 用例--【充值金额3位小数】--执行成功 : 
2021-09-23 02:26:35,810 - [test_recharge.py-->line:63] - INFO: 用例--【充值金额-大于50W】--执行成功 : 
2021-09-23 02:26:35,889 - [test_recharge.py-->line:63] - INFO: 用例--【充值金额非数字】--执行成功 : 
2021-09-23 02:26:36,200 - [test_register.py-->line:53] - INFO: 用例--【注册成功-带注册名】--执行成功 : 
2021-09-23 02:26:36,381 - [test_register.py-->line:53] - INFO: 用例--【成功-不带用户名】--执行成功 : 
2021-09-23 02:26:36,458 - [test_register.py-->line:53] - INFO: 用例--【不输入手机号】--执行成功 : 
2021-09-23 02:26:36,533 - [test_register.py-->line:53] - INFO: 用例--【手机号长度10位】--执行成功 : 
2021-09-23 02:26:36,607 - [test_register.py-->line:53] - INFO: 用例--【手机号长度12位】--执行成功 : 
2021-09-23 02:26:36,683 - [test_register.py-->line:53] - INFO: 用例--【手机号含有非法字符】--执行成功 : 
2021-09-23 02:26:36,868 - [test_register.py-->line:53] - INFO: 用例--【已注册过的手机号】--执行成功 : 
2021-09-23 02:26:36,943 - [test_register.py-->line:53] - INFO: 用例--【密码7位】--执行成功 : 
2021-09-23 02:26:37,019 - [test_register.py-->line:53] - INFO: 用例--【密码17位】--执行成功 : 
2021-09-23 02:26:37,093 - [test_register.py-->line:53] - INFO: 用例--【不输入密码】--执行成功 : 
2021-09-23 02:26:37,163 - [test_register.py-->line:53] - INFO: 用例--【注册名11位】--执行成功 : 
2021-09-23 02:26:37,242 - [test_register.py-->line:53] - INFO: 用例--【类型输入非0，1内容】--执行成功 : 
2021-09-23 02:26:37,423 - [test_register.py-->line:53] - INFO: 用例--【手机号为字符串类型】--执行成功 : 
